<?xml version="1.0" encoding="UTF-8"?>
<!-- Generated by org.testng.reporters.JUnitReportReporter -->
<testsuite hostname="Neeharika" failures="0" tests="1" name="testScripts.AddCategoryTest" time="10.462" errors="0" timestamp="2024-03-14T11:14:51 GMT-07:00" skipped="0">
  <testcase classname="testScripts.AddCategoryTest" name="addCategoryTest" time="10.462"/>
  <system-out/>
</testsuite> <!-- testScripts.AddCategoryTest -->
