<?xml version="1.0" encoding="UTF-8"?>
<!-- Generated by org.testng.reporters.JUnitReportReporter -->
<testsuite hostname="Neeharika" failures="0" tests="1" name="testScripts.AddCourseTest" time="13.523" errors="0" timestamp="2024-03-14T11:13:56 GMT-07:00" skipped="0">
  <testcase classname="testScripts.AddCourseTest" name="addCourseTest" time="13.523"/>
  <system-out/>
</testsuite> <!-- testScripts.AddCourseTest -->
